# This file was automatically created by FeynRules 2.3.49
# Mathematica version: 14.1.0 for Linux x86 (64-bit) (July 16, 2024)
# Date: Wed 27 Nov 2024 22:02:37


# 
# This is the logfile for the model ScotoMod

# Checking the Quantum numbers
   * Electric charge defined.
# Checking the Lagrangians
   * All Lagrangians are ok.
#
# Particle definitions
#

   * No particles removed. All particles correspond to GenInt setup.

# Automatically assigned PDG numbers
   * Assigned PDG number 9000001 to particle ghA
   * Assigned PDG number 9000002 to particle ghZ
   * Assigned PDG number 9000003 to particle ghWp
   * Assigned PDG number 9000004 to particle ghWm
   * Assigned PDG number 9000005 to particle ghG
   * Assigned PDG number 9000006 to particle ~N1
   * Assigned PDG number 9000007 to particle ~N2
   * Assigned PDG number 9000008 to particle ~N3
   * Assigned PDG number 9000009 to particle ~eta+
   * Assigned PDG number 9000010 to particle ~etaI
   * Assigned PDG number 9000011 to particle ~phi2
   * Assigned PDG number 9000012 to particle ~phi1


# Compulsory PDG codes:
   * Class SM leptons complete.
   * Class SM neutrinos complete.
   * Class SM quarks complete.
   * Class SM gauge bosons complete.
#
# Parameter definitions
#

   * All parameters are ok.


# Vertices
   * Calling FeynmanRules for 1 Lagrangians.
   * Number of classes vertices: 161
   * Number of flavored vertices: 188
   * Saved vertices in InterfaceRun[ 1 ].
   * Checked QNumber conservation.
      - Quantum number GhostNumber conserved in all vertices.
      - Quantum number Q conserved in all vertices.
   * particles.py written.
   * parameters.py written.
#
# Vertex definitions
#

   * 191 vertices written.
   * vertices.py written.
#
# Lorentz structure definitions
#

   * 18 lorentz structures written.
   * lorentz.py written.
#
# Coupling definitions
#

   * 149 couplings written.
   * couplings.py written.
#
# Coupling order definitions
#

   * 0 couplings orders written.
   * coupling_orders.py written.
#
# Decay definitions
#

   * 17 decays written.
   * decay.py not written
#
# CTCoupling definitions
#

   * 0 CTcouplings written.
   * CT_couplings.py written.
